#-----------------------------------------------------------
# Vivado v2016.2 (64-bit)
# SW Build 1577090 on Thu Jun  2 16:32:40 MDT 2016
# IP Build 1577682 on Fri Jun  3 12:00:54 MDT 2016
# Start of session at: Tue Jun 27 10:51:52 2017
# Process ID: 4316
# Current directory: C:/Users/Gao Fei/Desktop/all/fpga_proj_release/vc709/trng
# Command line: vivado.exe -gui_launcher_event rodinguilauncherevent732 C:\Users\Gao Fei\Desktop\all\fpga_proj_release\vc709\trng\trng.xpr
# Log file: C:/Users/Gao Fei/Desktop/all/fpga_proj_release/vc709/trng/vivado.log
# Journal file: C:/Users/Gao Fei/Desktop/all/fpga_proj_release/vc709/trng\vivado.jou
#-----------------------------------------------------------
start_gui
open_project {C:/Users/Gao Fei/Desktop/all/fpga_proj_release/vc709/trng/trng.xpr}
Scanning sources...
Finished scanning sources
INFO: [IP_Flow 19-234] Refreshing IP repositories
INFO: [IP_Flow 19-1704] No user IP repositories specified
INFO: [IP_Flow 19-2313] Loaded Vivado IP repository 'C:/Xilinx/Vivado/2016.2/data/ip'.
open_project: Time (s): cpu = 00:00:19 ; elapsed = 00:00:09 . Memory (MB): peak = 787.891 ; gain = 131.246
update_compile_order -fileset sources_1
exit
INFO: [Common 17-206] Exiting Vivado at Tue Jun 27 10:57:07 2017...
